<?xml version="1.0" encoding="UTF-8"?>
<testng-results skipped="0" failed="0" ignored="0" total="2" passed="2">
  <reporter-output>
  </reporter-output>
  <suite name="Default suite" duration-ms="3041" started-at="2020-01-22T15:44:29Z" finished-at="2020-01-22T15:44:32Z">
    <groups>
    </groups>
    <test name="Default test" duration-ms="3041" started-at="2020-01-22T15:44:29Z" finished-at="2020-01-22T15:44:32Z">
      <class name="hometest">
        <test-method status="PASS" signature="clickdress()[pri:0, instance:hometest@15bb5034]" name="clickdress" duration-ms="988" started-at="2020-01-22T15:44:29Z" finished-at="2020-01-22T15:44:30Z">
          <reporter-output>
          </reporter-output>
        </test-method> <!-- clickdress -->
        <test-method status="PASS" signature="verifyWomenTag()[pri:0, instance:hometest@15bb5034]" name="verifyWomenTag" duration-ms="2016" started-at="2020-01-22T15:44:30Z" finished-at="2020-01-22T15:44:32Z">
          <reporter-output>
          </reporter-output>
        </test-method> <!-- verifyWomenTag -->
      </class> <!-- hometest -->
    </test> <!-- Default test -->
  </suite> <!-- Default suite -->
</testng-results>
